0 info it worked if it ends with ok
1 verbose cli [ 'C:\\Program Files\\nodejs\\node.exe',
1 verbose cli   'C:\\Program Files\\nodejs\\node_modules\\npm\\bin\\npm-cli.js',
1 verbose cli   'start' ]
2 info using npm@3.10.10
3 info using node@v6.12.2
4 verbose run-script [ 'prestart', 'start', 'poststart' ]
5 info lifecycle botique@0.0.0~prestart: botique@0.0.0
6 silly lifecycle botique@0.0.0~prestart: no script for prestart, continuing
7 info lifecycle botique@0.0.0~start: botique@0.0.0
8 verbose lifecycle botique@0.0.0~start: unsafe-perm in lifecycle true
9 verbose lifecycle botique@0.0.0~start: PATH: C:\Users\Tauqeer\AppData\Roaming\nvm\v6.12.2\node_modules\npm\bin\node-gyp-bin;E:\Ideofusion Workspace\Node Projects\Botique\node_modules\.bin;C:\ProgramData\Oracle\Java\javapath;C:\WINDOWS\system32;C:\WINDOWS;C:\WINDOWS\System32\Wbem;C:\WINDOWS\System32\WindowsPowerShell\v1.0\;C:\Program Files\Microsoft SQL Server\110\Tools\Binn\;c:\Program Files\Microsoft SQL Server\110\DTS\Binn\;C:\Program Files\Microsoft\Web Platform Installer\;C:\Program Files\Microsoft SDKs\Azure\CLI\wbin;C:\WINDOWS\System32\WindowsPowerShell\v1.0\;C:\Program Files\Microsoft SQL Server\120\Tools\Binn\;C:\Program Files\TortoiseHg;C:\Program Files\Heroku\bin;C:\Program Files\TortoiseGit\bin;C:\Program Files\Git\cmd;c:\Program Files\Microsoft SQL Server\110\Tools\Binn\ManagementStudio\;C:\Program Files\Skype\Phone\;C:\Program Files\PuTTY\;C:\Program Files\Geth;C:\Program Files\Microsoft SQL Server\Client SDK\ODBC\110\Tools\Binn\;C:\Program Files\Microsoft SQL Server\120\DTS\Binn\;C:\Program Files\Windows Kits\8.1\Windows Performance Toolkit\;C:\Program Files\Microsoft SDKs\TypeScript\1.0\;C:\Users\Tauqeer\AppData\Roaming\nvm;C:\Program Files\nodejs;C:\Program Files\TortoiseHg;C:\Program Files\Microsoft VS Code\bin;C:\Users\Tauqeer\AppData\Local\.meteor\;C:\Users\Tauqeer\AppData\Local\Microsoft\WindowsApps;C:\Users\Tauqeer\AppData\Roaming\nvm;C:\Program Files\nodejs
10 verbose lifecycle botique@0.0.0~start: CWD: E:\Ideofusion Workspace\Node Projects\Botique
11 silly lifecycle botique@0.0.0~start: Args: [ '/d /s /c', 'node ./bin/www' ]
12 silly lifecycle botique@0.0.0~start: Returned: code: 1  signal: null
13 info lifecycle botique@0.0.0~start: Failed to exec start script
14 verbose stack Error: botique@0.0.0 start: `node ./bin/www`
14 verbose stack Exit status 1
14 verbose stack     at EventEmitter.<anonymous> (C:\Users\Tauqeer\AppData\Roaming\nvm\v6.12.2\node_modules\npm\lib\utils\lifecycle.js:255:16)
14 verbose stack     at emitTwo (events.js:106:13)
14 verbose stack     at EventEmitter.emit (events.js:191:7)
14 verbose stack     at ChildProcess.<anonymous> (C:\Users\Tauqeer\AppData\Roaming\nvm\v6.12.2\node_modules\npm\lib\utils\spawn.js:40:14)
14 verbose stack     at emitTwo (events.js:106:13)
14 verbose stack     at ChildProcess.emit (events.js:191:7)
14 verbose stack     at maybeClose (internal/child_process.js:920:16)
14 verbose stack     at Process.ChildProcess._handle.onexit (internal/child_process.js:230:5)
15 verbose pkgid botique@0.0.0
16 verbose cwd E:\Ideofusion Workspace\Node Projects\Botique
17 error Windows_NT 10.0.14393
18 error argv "C:\\Program Files\\nodejs\\node.exe" "C:\\Program Files\\nodejs\\node_modules\\npm\\bin\\npm-cli.js" "start"
19 error node v6.12.2
20 error npm  v3.10.10
21 error code ELIFECYCLE
22 error botique@0.0.0 start: `node ./bin/www`
22 error Exit status 1
23 error Failed at the botique@0.0.0 start script 'node ./bin/www'.
23 error Make sure you have the latest version of node.js and npm installed.
23 error If you do, this is most likely a problem with the botique package,
23 error not with npm itself.
23 error Tell the author that this fails on your system:
23 error     node ./bin/www
23 error You can get information on how to open an issue for this project with:
23 error     npm bugs botique
23 error Or if that isn't available, you can get their info via:
23 error     npm owner ls botique
23 error There is likely additional logging output above.
24 verbose exit [ 1, true ]
